{"C:\\Users\\Inteli\\OneDrive\\Documentos\\GitHub\\Modulo7\\Grupo-1\\codigo_projeto\\backend\\src\\api\\src\\connections\\pg.ts": {"path":"C:\\Users\\Inteli\\OneDrive\\Documentos\\GitHub\\Modulo7\\Grupo-1\\codigo_projeto\\backend\\src\\api\\src\\connections\\pg.ts","statementMap":{"0":{"start":{"line":4,"column":0},"end":{"line":4,"column":16}},"1":{"start":{"line":6,"column":25},"end":{"line":23,"column":1}},"2":{"start":{"line":25,"column":20},"end":{"line":36,"column":1}},"3":{"start":{"line":26,"column":4},"end":{"line":35,"column":5}},"4":{"start":{"line":28,"column":8},"end":{"line":28,"column":39}},"5":{"start":{"line":29,"column":8},"end":{"line":29,"column":69}},"6":{"start":{"line":33,"column":8},"end":{"line":33,"column":65}},"7":{"start":{"line":38,"column":0},"end":{"line":38,"column":14}}},"fnMap":{"0":{"name":"(anonymous_0)","decl":{"start":{"line":25,"column":20},"end":{"line":25,"column":21}},"loc":{"start":{"line":25,"column":32},"end":{"line":36,"column":1}},"line":25}},"branchMap":{"0":{"loc":{"start":{"line":12,"column":23},"end":{"line":12,"column":52}},"type":"binary-expr","locations":[{"start":{"line":12,"column":23},"end":{"line":12,"column":42}},{"start":{"line":12,"column":46},"end":{"line":12,"column":52}}],"line":12}},"s":{"0":2,"1":2,"2":2,"3":2,"4":2,"5":0,"6":0,"7":2},"f":{"0":2},"b":{"0":[2,2]},"_coverageSchema":"1a1c01bbd47fc00a2c39e90264f33305004495a9","hash":"a7b76d3d7385c6862e6ed70575237b56db7ce514"}
,"C:\\Users\\Inteli\\OneDrive\\Documentos\\GitHub\\Modulo7\\Grupo-1\\codigo_projeto\\backend\\src\\api\\src\\constants\\errors.ts": {"path":"C:\\Users\\Inteli\\OneDrive\\Documentos\\GitHub\\Modulo7\\Grupo-1\\codigo_projeto\\backend\\src\\api\\src\\constants\\errors.ts","statementMap":{"0":{"start":{"line":1,"column":22},"end":{"line":71,"column":1}}},"fnMap":{},"branchMap":{},"s":{"0":3},"f":{},"b":{},"_coverageSchema":"1a1c01bbd47fc00a2c39e90264f33305004495a9","hash":"a989c6610f15d29ae167b63e0f39d3d931f9e972"}
,"C:\\Users\\Inteli\\OneDrive\\Documentos\\GitHub\\Modulo7\\Grupo-1\\codigo_projeto\\backend\\src\\api\\src\\constants\\success.ts": {"path":"C:\\Users\\Inteli\\OneDrive\\Documentos\\GitHub\\Modulo7\\Grupo-1\\codigo_projeto\\backend\\src\\api\\src\\constants\\success.ts","statementMap":{"0":{"start":{"line":1,"column":23},"end":{"line":42,"column":1}}},"fnMap":{},"branchMap":{},"s":{"0":2},"f":{},"b":{},"_coverageSchema":"1a1c01bbd47fc00a2c39e90264f33305004495a9","hash":"1bce052b7fc2b79cef89df7cf86ded6c25e60988"}
,"C:\\Users\\Inteli\\OneDrive\\Documentos\\GitHub\\Modulo7\\Grupo-1\\codigo_projeto\\backend\\src\\api\\src\\controllers\\order_product_controller.ts": {"path":"C:\\Users\\Inteli\\OneDrive\\Documentos\\GitHub\\Modulo7\\Grupo-1\\codigo_projeto\\backend\\src\\api\\src\\controllers\\order_product_controller.ts","statementMap":{"0":{"start":{"line":6,"column":40},"end":{"line":32,"column":1}},"1":{"start":{"line":10,"column":8},"end":{"line":27,"column":9}},"2":{"start":{"line":12,"column":29},"end":{"line":12,"column":73}},"3":{"start":{"line":14,"column":12},"end":{"line":14,"column":61}},"4":{"start":{"line":18,"column":12},"end":{"line":25,"column":14}}},"fnMap":{"0":{"name":"(anonymous_0)","decl":{"start":{"line":8,"column":4},"end":{"line":8,"column":5}},"loc":{"start":{"line":8,"column":65},"end":{"line":30,"column":5}},"line":8}},"branchMap":{},"s":{"0":1,"1":1,"2":1,"3":1,"4":0},"f":{"0":1},"b":{},"_coverageSchema":"1a1c01bbd47fc00a2c39e90264f33305004495a9","hash":"3e4488ac5b0d433346c655086605c51be0022a48"}
,"C:\\Users\\Inteli\\OneDrive\\Documentos\\GitHub\\Modulo7\\Grupo-1\\codigo_projeto\\backend\\src\\api\\src\\models\\Address.ts": {"path":"C:\\Users\\Inteli\\OneDrive\\Documentos\\GitHub\\Modulo7\\Grupo-1\\codigo_projeto\\backend\\src\\api\\src\\models\\Address.ts","statementMap":{"0":{"start":{"line":6,"column":23},"end":{"line":47,"column":2}}},"fnMap":{},"branchMap":{},"s":{"0":1},"f":{},"b":{},"_coverageSchema":"1a1c01bbd47fc00a2c39e90264f33305004495a9","hash":"977ea804095052332cf69e5cd49fffcf59a44a72"}
,"C:\\Users\\Inteli\\OneDrive\\Documentos\\GitHub\\Modulo7\\Grupo-1\\codigo_projeto\\backend\\src\\api\\src\\models\\Inventory.ts": {"path":"C:\\Users\\Inteli\\OneDrive\\Documentos\\GitHub\\Modulo7\\Grupo-1\\codigo_projeto\\backend\\src\\api\\src\\models\\Inventory.ts","statementMap":{"0":{"start":{"line":6,"column":25},"end":{"line":21,"column":1}}},"fnMap":{},"branchMap":{},"s":{"0":1},"f":{},"b":{},"_coverageSchema":"1a1c01bbd47fc00a2c39e90264f33305004495a9","hash":"5e94185d219c13197ce2519c2ba8761f1da111f2"}
,"C:\\Users\\Inteli\\OneDrive\\Documentos\\GitHub\\Modulo7\\Grupo-1\\codigo_projeto\\backend\\src\\api\\src\\models\\OrderProduct.ts": {"path":"C:\\Users\\Inteli\\OneDrive\\Documentos\\GitHub\\Modulo7\\Grupo-1\\codigo_projeto\\backend\\src\\api\\src\\models\\OrderProduct.ts","statementMap":{"0":{"start":{"line":5,"column":28},"end":{"line":32,"column":2}}},"fnMap":{},"branchMap":{},"s":{"0":1},"f":{},"b":{},"_coverageSchema":"1a1c01bbd47fc00a2c39e90264f33305004495a9","hash":"d2d3c2b924db155bd0da51d4bcb86c23ee43abe6"}
,"C:\\Users\\Inteli\\OneDrive\\Documentos\\GitHub\\Modulo7\\Grupo-1\\codigo_projeto\\backend\\src\\api\\src\\models\\User.ts": {"path":"C:\\Users\\Inteli\\OneDrive\\Documentos\\GitHub\\Modulo7\\Grupo-1\\codigo_projeto\\backend\\src\\api\\src\\models\\User.ts","statementMap":{"0":{"start":{"line":5,"column":20},"end":{"line":35,"column":2}}},"fnMap":{},"branchMap":{},"s":{"0":1},"f":{},"b":{},"_coverageSchema":"1a1c01bbd47fc00a2c39e90264f33305004495a9","hash":"2246eb974b078d3c79d30a0d1cf84fbe92cb91de"}
,"C:\\Users\\Inteli\\OneDrive\\Documentos\\GitHub\\Modulo7\\Grupo-1\\codigo_projeto\\backend\\src\\api\\src\\services\\address_services.ts": {"path":"C:\\Users\\Inteli\\OneDrive\\Documentos\\GitHub\\Modulo7\\Grupo-1\\codigo_projeto\\backend\\src\\api\\src\\services\\address_services.ts","statementMap":{"0":{"start":{"line":10,"column":32},"end":{"line":96,"column":1}},"1":{"start":{"line":14,"column":8},"end":{"line":60,"column":9}},"2":{"start":{"line":16,"column":34},"end":{"line":16,"column":62}},"3":{"start":{"line":18,"column":12},"end":{"line":28,"column":13}},"4":{"start":{"line":20,"column":16},"end":{"line":26,"column":17}},"5":{"start":{"line":30,"column":28},"end":{"line":39,"column":14}},"6":{"start":{"line":41,"column":12},"end":{"line":47,"column":14}},"7":{"start":{"line":51,"column":12},"end":{"line":58,"column":14}},"8":{"start":{"line":66,"column":26},"end":{"line":66,"column":49}},"9":{"start":{"line":68,"column":8},"end":{"line":74,"column":9}},"10":{"start":{"line":80,"column":26},"end":{"line":84,"column":10}},"11":{"start":{"line":86,"column":8},"end":{"line":92,"column":9}}},"fnMap":{"0":{"name":"(anonymous_0)","decl":{"start":{"line":12,"column":4},"end":{"line":12,"column":5}},"loc":{"start":{"line":12,"column":49},"end":{"line":62,"column":5}},"line":12},"1":{"name":"(anonymous_1)","decl":{"start":{"line":64,"column":4},"end":{"line":64,"column":5}},"loc":{"start":{"line":64,"column":20},"end":{"line":76,"column":5}},"line":64},"2":{"name":"(anonymous_2)","decl":{"start":{"line":78,"column":4},"end":{"line":78,"column":5}},"loc":{"start":{"line":78,"column":38},"end":{"line":94,"column":5}},"line":78}},"branchMap":{"0":{"loc":{"start":{"line":18,"column":12},"end":{"line":28,"column":13}},"type":"if","locations":[{"start":{"line":18,"column":12},"end":{"line":28,"column":13}},{"start":{},"end":{}}],"line":18}},"s":{"0":1,"1":0,"2":0,"3":0,"4":0,"5":0,"6":0,"7":0,"8":0,"9":0,"10":0,"11":0},"f":{"0":0,"1":0,"2":0},"b":{"0":[0,0]},"_coverageSchema":"1a1c01bbd47fc00a2c39e90264f33305004495a9","hash":"1df81a4fd73ec9dba362054bedb9ded92ba4f649"}
,"C:\\Users\\Inteli\\OneDrive\\Documentos\\GitHub\\Modulo7\\Grupo-1\\codigo_projeto\\backend\\src\\api\\src\\services\\order_product_services.ts": {"path":"C:\\Users\\Inteli\\OneDrive\\Documentos\\GitHub\\Modulo7\\Grupo-1\\codigo_projeto\\backend\\src\\api\\src\\services\\order_product_services.ts","statementMap":{"0":{"start":{"line":11,"column":38},"end":{"line":88,"column":1}},"1":{"start":{"line":15,"column":28},"end":{"line":15,"column":57}},"2":{"start":{"line":17,"column":8},"end":{"line":84,"column":9}},"3":{"start":{"line":19,"column":34},"end":{"line":24,"column":31}},"4":{"start":{"line":26,"column":38},"end":{"line":26,"column":96}},"5":{"start":{"line":28,"column":12},"end":{"line":39,"column":13}},"6":{"start":{"line":30,"column":16},"end":{"line":30,"column":39}},"7":{"start":{"line":32,"column":16},"end":{"line":37,"column":17}},"8":{"start":{"line":41,"column":12},"end":{"line":52,"column":13}},"9":{"start":{"line":43,"column":16},"end":{"line":43,"column":39}},"10":{"start":{"line":45,"column":16},"end":{"line":50,"column":18}},"11":{"start":{"line":54,"column":31},"end":{"line":54,"column":71}},"12":{"start":{"line":56,"column":12},"end":{"line":59,"column":14}},"13":{"start":{"line":61,"column":12},"end":{"line":61,"column":39}},"14":{"start":{"line":63,"column":12},"end":{"line":69,"column":14}},"15":{"start":{"line":73,"column":12},"end":{"line":73,"column":41}},"16":{"start":{"line":75,"column":12},"end":{"line":82,"column":14}}},"fnMap":{"0":{"name":"(anonymous_0)","decl":{"start":{"line":13,"column":4},"end":{"line":13,"column":5}},"loc":{"start":{"line":13,"column":37},"end":{"line":86,"column":5}},"line":13}},"branchMap":{"0":{"loc":{"start":{"line":28,"column":12},"end":{"line":39,"column":13}},"type":"if","locations":[{"start":{"line":28,"column":12},"end":{"line":39,"column":13}},{"start":{},"end":{}}],"line":28},"1":{"loc":{"start":{"line":41,"column":12},"end":{"line":52,"column":13}},"type":"if","locations":[{"start":{"line":41,"column":12},"end":{"line":52,"column":13}},{"start":{},"end":{}}],"line":41}},"s":{"0":1,"1":0,"2":0,"3":0,"4":0,"5":0,"6":0,"7":0,"8":0,"9":0,"10":0,"11":0,"12":0,"13":0,"14":0,"15":0,"16":0},"f":{"0":0},"b":{"0":[0,0],"1":[0,0]},"_coverageSchema":"1a1c01bbd47fc00a2c39e90264f33305004495a9","hash":"39dc292e9aa56b5d2ad2160b2329b5643a7d1086"}
}
