TN:
SF:backend\src\api\src\connections\pg.ts
FN:25,(anonymous_0)
FNF:1
FNH:1
FNDA:2,(anonymous_0)
DA:4,2
DA:6,2
DA:25,2
DA:26,2
DA:28,2
DA:29,0
DA:33,0
DA:38,2
LF:8
LH:6
BRDA:12,0,0,2
BRDA:12,0,1,2
BRF:2
BRH:2
end_of_record
TN:
SF:backend\src\api\src\constants\errors.ts
FNF:0
FNH:0
DA:1,3
LF:1
LH:1
BRF:0
BRH:0
end_of_record
TN:
SF:backend\src\api\src\constants\success.ts
FNF:0
FNH:0
DA:1,2
LF:1
LH:1
BRF:0
BRH:0
end_of_record
TN:
SF:backend\src\api\src\controllers\order_product_controller.ts
FN:8,(anonymous_0)
FNF:1
FNH:1
FNDA:1,(anonymous_0)
DA:6,1
DA:10,1
DA:12,1
DA:14,1
DA:18,0
LF:5
LH:4
BRF:0
BRH:0
end_of_record
TN:
SF:backend\src\api\src\models\Address.ts
FNF:0
FNH:0
DA:6,1
LF:1
LH:1
BRF:0
BRH:0
end_of_record
TN:
SF:backend\src\api\src\models\Inventory.ts
FNF:0
FNH:0
DA:6,1
LF:1
LH:1
BRF:0
BRH:0
end_of_record
TN:
SF:backend\src\api\src\models\OrderProduct.ts
FNF:0
FNH:0
DA:5,1
LF:1
LH:1
BRF:0
BRH:0
end_of_record
TN:
SF:backend\src\api\src\models\User.ts
FNF:0
FNH:0
DA:5,1
LF:1
LH:1
BRF:0
BRH:0
end_of_record
TN:
SF:backend\src\api\src\services\address_services.ts
FN:12,(anonymous_0)
FN:64,(anonymous_1)
FN:78,(anonymous_2)
FNF:3
FNH:0
FNDA:0,(anonymous_0)
FNDA:0,(anonymous_1)
FNDA:0,(anonymous_2)
DA:10,1
DA:14,0
DA:16,0
DA:18,0
DA:20,0
DA:30,0
DA:41,0
DA:51,0
DA:66,0
DA:68,0
DA:80,0
DA:86,0
LF:12
LH:1
BRDA:18,0,0,0
BRDA:18,0,1,0
BRF:2
BRH:0
end_of_record
TN:
SF:backend\src\api\src\services\order_product_services.ts
FN:13,(anonymous_0)
FNF:1
FNH:0
FNDA:0,(anonymous_0)
DA:11,1
DA:15,0
DA:17,0
DA:19,0
DA:26,0
DA:28,0
DA:30,0
DA:32,0
DA:41,0
DA:43,0
DA:45,0
DA:54,0
DA:56,0
DA:61,0
DA:63,0
DA:73,0
DA:75,0
LF:17
LH:1
BRDA:28,0,0,0
BRDA:28,0,1,0
BRDA:41,1,0,0
BRDA:41,1,1,0
BRF:4
BRH:0
end_of_record
